<?xml version="1.0" encoding="UTF-8"?>
<!-- Generated by org.testng.reporters.JUnitReportReporter -->
<testsuite hostname="NTB-257" failures="0" tests="4" name="Academy.Toma.NewPost" time="64.531" errors="0" timestamp="2022-07-29T13:18:53 CEST" skipped="0">
  <testcase classname="Academy.Toma.NewPost" name="homePageLoginValidation" time="15.779"/>
  <system-out/>
  <testcase classname="Academy.Toma.NewPost" name="homePageLoginValidation" time="14.801"/>
  <system-out/>
  <testcase classname="Academy.Toma.NewPost" name="homePageLoginValidation" time="17.979"/>
  <system-out/>
  <testcase classname="Academy.Toma.NewPost" name="homePageLoginValidation" time="15.972"/>
  <system-out/>
</testsuite> <!-- Academy.Toma.NewPost -->
