<?xml version="1.0" encoding="UTF-8"?>
<!-- Generated by org.testng.reporters.JUnitReportReporter -->
<testsuite hostname="NTB-257" failures="0" tests="2" name="Academy.Toma.Something02" time="56.551" errors="0" timestamp="2022-08-01T14:53:45 CEST" skipped="0">
  <testcase classname="Academy.Toma.Something02" name="homePageLoginAndPublishArticles" time="29.770"/>
  <system-out/>
  <testcase classname="Academy.Toma.Something02" name="homePageLoginAndPublishArticles" time="26.781"/>
  <system-out/>
</testsuite> <!-- Academy.Toma.Something02 -->
