<?xml version="1.0" encoding="UTF-8"?>
<!-- Generated by org.testng.reporters.JUnitReportReporter -->
<testsuite hostname="NTB-257" failures="0" tests="1" name="Academy.Toma.NewPost4" time="19.966" errors="0" timestamp="2022-07-30T12:21:44 CEST" skipped="0">
  <testcase classname="Academy.Toma.NewPost4" name="homePageLoginValidation" time="19.966"/>
  <system-out/>
</testsuite> <!-- Academy.Toma.NewPost4 -->
