<?xml version="1.0" encoding="UTF-8"?>
<!-- Generated by org.testng.reporters.JUnitReportReporter -->
<testsuite hostname="NTB-257" failures="0" tests="1" name="Academy.Toma.NewPost2" time="16.944" errors="0" timestamp="2022-07-29T17:49:47 CEST" skipped="0">
  <testcase classname="Academy.Toma.NewPost2" name="homePageLoginValidation" time="16.944"/>
  <system-out/>
</testsuite> <!-- Academy.Toma.NewPost2 -->
