<?xml version="1.0" encoding="UTF-8"?>
<!-- Generated by org.testng.reporters.JUnitReportReporter -->
<testsuite hostname="NTB-257" failures="0" tests="1" name="Academy.Toma.Something" time="19.827" errors="0" timestamp="2022-07-30T12:32:30 CEST" skipped="0">
  <testcase classname="Academy.Toma.Something" name="homePageLoginAndPublishArticles" time="19.827"/>
  <system-out/>
</testsuite> <!-- Academy.Toma.Something -->
