<?xml version="1.0" encoding="UTF-8"?>
<!-- Generated by org.testng.reporters.JUnitReportReporter -->
<testsuite hostname="NTB-257" failures="0" tests="2" name="Academy.Toma.HomePage" time="30.395" errors="0" timestamp="2022-08-01T10:23:16 CEST" skipped="0">
  <testcase classname="Academy.Toma.HomePage" name="homePageLoginValidation" time="20.728"/>
  <system-out/>
  <testcase classname="Academy.Toma.HomePage" name="homePageLoginValidation" time="9.667"/>
  <system-out/>
</testsuite> <!-- Academy.Toma.HomePage -->
