<?xml version="1.0" encoding="UTF-8"?>
<!-- Generated by org.testng.reporters.JUnitReportReporter -->
<testsuite hostname="NTB-257" failures="0" tests="2" name="Academy.Toma.NewPost3" time="68.742" errors="0" timestamp="2022-08-01T10:23:16 CEST" skipped="0">
  <testcase classname="Academy.Toma.NewPost3" name="homePageLoginValidation" time="23.619"/>
  <system-out/>
  <testcase classname="Academy.Toma.NewPost3" name="homePageLoginValidation" time="45.123"/>
  <system-out/>
</testsuite> <!-- Academy.Toma.NewPost3 -->
