<?xml version="1.0" encoding="UTF-8"?>
<!-- Generated by org.testng.reporters.JUnitReportReporter -->
<testsuite hostname="NTB-257" failures="0" tests="1" name="Academy.TestCases.StandAloneTest161" time="21.965" errors="0" timestamp="2022-10-07T18:42:48 CEST" skipped="0">
  <testcase classname="Academy.TestCases.StandAloneTest161" name="submitOrderE2E" time="21.965"/>
  <system-out/>
</testsuite> <!-- Academy.TestCases.StandAloneTest161 -->
