<?xml version="1.0" encoding="UTF-8"?>
<!-- Generated by org.testng.reporters.JUnitReportReporter -->
<testsuite hostname="NTB-257" failures="0" tests="2" name="Academy.Cucumber.TestNGTestRunner" time="21.947" errors="0" timestamp="2022-11-01T16:53:54 CET" skipped="0">
  <testcase classname="Academy.Cucumber.TestNGTestRunner" name="runScenario" time="14.559"/>
  <system-out/>
  <testcase classname="Academy.Cucumber.TestNGTestRunner" name="runScenario" time="7.388"/>
  <system-out/>
</testsuite> <!-- Academy.Cucumber.TestNGTestRunner -->
