<?xml version="1.0" encoding="UTF-8"?>
<!-- Generated by org.testng.reporters.JUnitReportReporter -->
<testsuite hostname="NTB-257" failures="0" tests="3" name="Academy.TestCases.StandAloneTest163" time="49.147" errors="0" timestamp="2022-10-12T19:08:31 CEST" skipped="0">
  <testcase classname="Academy.TestCases.StandAloneTest163" name="OrderHistoryTest" time="6.676"/>
  <system-out/>
  <testcase classname="Academy.TestCases.StandAloneTest163" name="submitOrderE2E" time="23.955"/>
  <system-out/>
  <testcase classname="Academy.TestCases.StandAloneTest163" name="submitOrderE2E" time="18.516"/>
  <system-out/>
</testsuite> <!-- Academy.TestCases.StandAloneTest163 -->
