<?xml version="1.0" encoding="UTF-8"?>
<!-- Generated by org.testng.reporters.JUnitReportReporter -->
<testsuite hostname="NTB-257" failures="0" tests="2" name="Academy.Options.TestRunner" time="8.883" errors="0" timestamp="2022-12-22T13:49:03 CET" skipped="0">
  <testcase classname="Academy.Options.TestRunner" name="runScenario" time="7.768"/>
  <system-out/>
  <testcase classname="Academy.Options.TestRunner" name="runScenario" time="1.115"/>
  <system-out/>
</testsuite> <!-- Academy.Options.TestRunner -->
