<?xml version="1.0" encoding="UTF-8"?>
<!-- Generated by org.testng.reporters.JUnitReportReporter -->
<testsuite hostname="NTB-257" failures="0" tests="2" name="Academy.Options.TestRunner" time="25.818" errors="0" timestamp="2023-04-18T15:37:53 CEST" skipped="0">
  <testcase classname="Academy.Options.TestRunner" name="runScenario" time="2.622"/>
  <system-out/>
  <testcase classname="Academy.Options.TestRunner" name="runScenario" time="23.196"/>
  <system-out/>
</testsuite> <!-- Academy.Options.TestRunner -->
