<?xml version="1.0" encoding="UTF-8"?>
<!-- Generated by org.testng.reporters.JUnitReportReporter -->
<testsuite hostname="NTB-257" failures="0" tests="4" name="Academy.Tests.E2ETCPO6" time="53.019" errors="0" timestamp="2022-11-24T15:09:02 CET" skipped="0">
  <testcase classname="Academy.Tests.E2ETCPO6" name="loginPublishLogoutTestCase" time="8.909"/>
  <system-out/>
  <testcase classname="Academy.Tests.E2ETCPO6" name="loginPublishLogoutTestCase" time="7.289"/>
  <system-out/>
  <testcase classname="Academy.Tests.E2ETCPO6" name="verifyingGlobalFeedTab" time="24.938"/>
  <system-out/>
  <testcase classname="Academy.Tests.E2ETCPO6" name="verifyingGlobalFeedTab" time="11.883"/>
  <system-out/>
</testsuite> <!-- Academy.Tests.E2ETCPO6 -->
