<?xml version="1.0" encoding="UTF-8"?>
<!-- Generated by org.testng.reporters.JUnitReportReporter -->
<testsuite hostname="NTB-257" failures="0" tests="3" name="DynamicJson33" time="7.475" errors="0" timestamp="2022-08-02T16:48:40 CEST" skipped="0">
  <testcase classname="DynamicJson33" name="addBook" time="5.401"/>
  <system-out/>
  <testcase classname="DynamicJson33" name="addBook" time="1.110"/>
  <system-out/>
  <testcase classname="DynamicJson33" name="addBook" time="0.964"/>
  <system-out/>
</testsuite> <!-- DynamicJson33 -->
