<?xml version="1.0" encoding="UTF-8"?>
<!-- Generated by org.testng.reporters.JUnitReportReporter -->
<testsuite hostname="NTB-257" failures="0" tests="1" name="UsingPOJOwithTestNG65" time="5.869" errors="0" timestamp="2022-08-05T14:16:01 CEST" skipped="0">
  <testcase classname="UsingPOJOwithTestNG65" name="myMethod" time="5.869"/>
  <system-out/>
</testsuite> <!-- UsingPOJOwithTestNG65 -->
