<?xml version="1.0" encoding="UTF-8"?>
<!-- Generated by org.testng.reporters.JUnitReportReporter -->
<testsuite hostname="NTB-257" failures="0" tests="1" name="SumValidation" time="2.939" errors="0" timestamp="2022-08-02T13:28:28 CEST" skipped="0">
  <testcase classname="SumValidation" name="sumValidation" time="2.939"/>
  <system-out/>
</testsuite> <!-- SumValidation -->
