<?xml version="1.0" encoding="UTF-8"?>
<!-- Generated by org.testng.reporters.JUnitReportReporter -->
<testsuite hostname="NTB-257" failures="0" tests="3" name="Academy.Tests.StandAloneTestAGAIN161" time="46.797" errors="0" timestamp="2022-10-31T16:46:15 CET" skipped="0">
  <testcase classname="Academy.Tests.StandAloneTestAGAIN161" name="submitOrderTestCase" time="15.662"/>
  <system-out/>
  <testcase classname="Academy.Tests.StandAloneTestAGAIN161" name="submitOrderTestCase" time="22.940"/>
  <system-out/>
  <testcase classname="Academy.Tests.StandAloneTestAGAIN161" name="OrderHistoryTestCase" time="8.195"/>
  <system-out/>
</testsuite> <!-- Academy.Tests.StandAloneTestAGAIN161 -->
