<?xml version="1.0" encoding="UTF-8"?>
<!-- Generated by org.testng.reporters.JUnitReportReporter -->
<testsuite hostname="NTB-257" failures="0" tests="2" name="Academy.Tests.E2ETCPO4" time="17.078" errors="0" timestamp="2022-11-16T11:58:29 CET" skipped="0">
  <testcase classname="Academy.Tests.E2ETCPO4" name="loginPublishLogoutTestCase" time="6.888"/>
  <system-out/>
  <testcase classname="Academy.Tests.E2ETCPO4" name="loginPublishLogoutTestCase" time="10.190"/>
  <system-out/>
</testsuite> <!-- Academy.Tests.E2ETCPO4 -->
