<?xml version="1.0" encoding="UTF-8"?>
<!-- Generated by org.testng.reporters.JUnitReportReporter -->
<testsuite hostname="NTB-257" failures="0" tests="2" name="Academy.Tests.E2ETCPO2" time="29.324" errors="0" timestamp="2022-11-16T09:53:39 CET" skipped="0">
  <testcase classname="Academy.Tests.E2ETCPO2" name="verifyingGlobalFeedTab" time="17.085"/>
  <system-out/>
  <testcase classname="Academy.Tests.E2ETCPO2" name="loginPublishLogoutTestCase" time="12.239"/>
  <system-out/>
</testsuite> <!-- Academy.Tests.E2ETCPO2 -->
