<?xml version="1.0" encoding="UTF-8"?>
<!-- Generated by org.testng.reporters.JUnitReportReporter -->
<testsuite hostname="NTB-257" failures="0" tests="4" name="Academy.Tests.E2ETCPO5" time="45.718" errors="0" timestamp="2022-11-16T16:26:27 CET" skipped="1">
  <testcase classname="Academy.Tests.E2ETCPO5" name="loginPublishLogoutTestCase" time="14.956"/>
  <system-out/>
  <testcase classname="Academy.Tests.E2ETCPO5" name="verifyingGlobalFeedTab" time="7.964">
    <skipped/>
  </testcase> <!-- verifyingGlobalFeedTab -->
  <system-out/>
  <testcase classname="Academy.Tests.E2ETCPO5" name="verifyingGlobalFeedTab" time="13.078"/>
  <system-out/>
  <testcase classname="Academy.Tests.E2ETCPO5" name="loginPublishLogoutTestCase" time="9.720"/>
  <system-out/>
</testsuite> <!-- Academy.Tests.E2ETCPO5 -->
