<?xml version="1.0" encoding="UTF-8"?>
<!-- Generated by org.testng.reporters.JUnitReportReporter -->
<testsuite hostname="NTB-257" failures="0" tests="2" name="Academy.Tests.E2ETCPOThreeClasses" time="27.604" errors="0" timestamp="2022-11-17T16:09:28 CET" skipped="0">
  <testcase classname="Academy.Tests.E2ETCPOThreeClasses" name="loginPublishLogoutTestCase" time="12.576"/>
  <system-out/>
  <testcase classname="Academy.Tests.E2ETCPOThreeClasses" name="loginPublishLogoutTestCase" time="15.028"/>
  <system-out/>
</testsuite> <!-- Academy.Tests.E2ETCPOThreeClasses -->
