<?xml version="1.0" encoding="UTF-8"?>
<!-- Generated by org.testng.reporters.JUnitReportReporter -->
<testsuite hostname="NTB-257" failures="0" tests="2" name="Academy.Tests.E2ETCPO3" time="29.229" errors="0" timestamp="2022-11-16T11:20:31 CET" skipped="0">
  <testcase classname="Academy.Tests.E2ETCPO3" name="loginPublishLogoutTestCase" time="16.056"/>
  <system-out/>
  <testcase classname="Academy.Tests.E2ETCPO3" name="loginPublishLogoutTestCase" time="13.173"/>
  <system-out/>
</testsuite> <!-- Academy.Tests.E2ETCPO3 -->
