<?xml version="1.0" encoding="UTF-8"?>
<!-- Generated by org.testng.reporters.JUnitReportReporter -->
<testsuite hostname="NTB-257" failures="0" tests="1" name="Academy.Cucumber.TestNGTestRunner" time="8.392" errors="0" timestamp="2022-10-17T12:36:58 CEST" skipped="0">
  <testcase classname="Academy.Cucumber.TestNGTestRunner" name="runScenario" time="8.392"/>
  <system-out/>
</testsuite> <!-- Academy.Cucumber.TestNGTestRunner -->
