<?xml version="1.0" encoding="UTF-8"?>
<!-- Generated by org.testng.reporters.JUnitReportReporter -->
<testsuite hostname="NTB-257" failures="0" tests="3" name="Academy.TestCases.StandAloneTest163" time="40.107" errors="0" timestamp="2022-10-17T12:27:18 CEST" skipped="0">
  <testcase classname="Academy.TestCases.StandAloneTest163" name="submitOrderE2E" time="15.728"/>
  <system-out/>
  <testcase classname="Academy.TestCases.StandAloneTest163" name="submitOrderE2E" time="18.364"/>
  <system-out/>
  <testcase classname="Academy.TestCases.StandAloneTest163" name="OrderHistoryTest" time="6.015"/>
  <system-out/>
</testsuite> <!-- Academy.TestCases.StandAloneTest163 -->
