<?xml version="1.0" encoding="UTF-8"?>
<!-- Generated by org.testng.reporters.JUnitReportReporter -->
<testsuite hostname="NTB-257" failures="0" tests="1" name="Cucumber.TestNGTestRunner" time="21.512" errors="0" timestamp="2022-11-02T13:39:20 CET" skipped="0">
  <testcase classname="Cucumber.TestNGTestRunner" name="runScenario" time="21.512"/>
  <system-out/>
</testsuite> <!-- Cucumber.TestNGTestRunner -->
