<?xml version="1.0" encoding="UTF-8"?>
<!-- Generated by org.testng.reporters.JUnitReportReporter -->
<testsuite hostname="NTB-257" failures="0" tests="1" name="Academy.Tests.StandAloneTestAGAIN168" time="23.307" errors="0" timestamp="2022-11-02T13:35:20 CET" skipped="0">
  <testcase classname="Academy.Tests.StandAloneTestAGAIN168" name="submitOrderTestCaseJK" time="23.307"/>
  <system-out/>
</testsuite> <!-- Academy.Tests.StandAloneTestAGAIN168 -->
