<?xml version="1.0" encoding="UTF-8"?>
<!-- Generated by org.testng.reporters.JUnitReportReporter -->
<testsuite hostname="NTB-257" failures="0" tests="3" name="Academy.Tests.StandAloneTestAGAIN161" time="36.457" errors="0" timestamp="2022-10-31T12:06:03 CET" skipped="0">
  <testcase classname="Academy.Tests.StandAloneTestAGAIN161" name="OrderHistoryTestCase" time="11.008"/>
  <system-out/>
  <testcase classname="Academy.Tests.StandAloneTestAGAIN161" name="submitOrderTestCase" time="15.774"/>
  <system-out/>
  <testcase classname="Academy.Tests.StandAloneTestAGAIN161" name="submitOrderTestCase" time="9.675"/>
  <system-out/>
</testsuite> <!-- Academy.Tests.StandAloneTestAGAIN161 -->
